<?xml version="1.0" encoding="UTF-8"?>
<!-- Generated by org.testng.reporters.JUnitReportReporter -->
<testsuite hostname="shgz-pc-0944" name="roxia.dao.LocalGenericEntityDaoTests" tests="1" failures="0" timestamp="9 May 2014 09:58:46 GMT" time="0.171" errors="0">
  <testcase name="testUserDaoAdd" time="0.171" classname="roxia.dao.LocalGenericEntityDaoTests"/>
</testsuite> <!-- roxia.dao.LocalGenericEntityDaoTests -->
