<?xml version="1.0" encoding="UTF-8" ?>
<testsuite failures="0" time="0.017" errors="0" skipped="0" tests="1" name="roxia.support.AppTest">
  <properties>
    <property name="java.runtime.name" value="Java(TM) SE Runtime Environment"/>
    <property name="sun.boot.library.path" value="C:\Program Files (x86)\Java\jdk1.6.0_21\jre\bin"/>
    <property name="java.vm.version" value="17.0-b16"/>
    <property name="java.vm.vendor" value="Sun Microsystems Inc."/>
    <property name="java.vendor.url" value="http://java.sun.com/"/>
    <property name="path.separator" value=";"/>
    <property name="java.vm.name" value="Java HotSpot(TM) Client VM"/>
    <property name="file.encoding.pkg" value="sun.io"/>
    <property name="user.country" value="CN"/>
    <property name="sun.java.launcher" value="SUN_STANDARD"/>
    <property name="sun.os.patch.level" value="Service Pack 1"/>
    <property name="java.vm.specification.name" value="Java Virtual Machine Specification"/>
    <property name="user.dir" value="D:\workspace\roxia\roxia-support"/>
    <property name="java.runtime.version" value="1.6.0_21-b06"/>
    <property name="java.awt.graphicsenv" value="sun.awt.Win32GraphicsEnvironment"/>
    <property name="basedir" value="D:\workspace\roxia\roxia-support"/>
    <property name="java.endorsed.dirs" value="C:\Program Files (x86)\Java\jdk1.6.0_21\jre\lib\endorsed"/>
    <property name="os.arch" value="x86"/>
    <property name="surefire.real.class.path" value="C:\Users\test\AppData\Local\Temp\surefirebooter7644019179110147459.jar"/>
    <property name="java.io.tmpdir" value="C:\Users\test\AppData\Local\Temp\"/>
    <property name="line.separator" value="
"/>
    <property name="java.vm.specification.vendor" value="Sun Microsystems Inc."/>
    <property name="user.variant" value=""/>
    <property name="os.name" value="Windows 7"/>
    <property name="sun.jnu.encoding" value="GBK"/>
    <property name="java.library.path" value="C:\Program Files (x86)\Java\jdk1.6.0_21\jre\bin;.;C:\Windows\Sun\Java\bin;C:\Windows\system32;C:\Windows;C:/Program Files (x86)/Java/jdk1.6.0_21/bin/../jre/bin/client;C:/Program Files (x86)/Java/jdk1.6.0_21/bin/../jre/bin;C:/Program Files (x86)/Java/jdk1.6.0_21/bin/../jre/lib/i386;D:\tool\apache-ant-1.8.3-bin\apache-ant-1.8.3\bin;C:\Program Files (x86)\Java\jdk1.6.0_21\bin;D:\tools\apache-maven-3.0.3\bin;C:\Program Files (x86)\Common Files\NetSarang;C:\XEClient\bin;C:\Program Files (x86)\AMD APP\bin\x86_64;C:\Program Files (x86)\AMD APP\bin\x86;C:\Windows\system32;C:\Windows;C:\Windows\System32\Wbem;C:\Windows\System32\WindowsPowerShell\v1.0\;C:\Program Files (x86)\ATI Technologies\ATI.ACE\Core-Static;C:\Program Files\TortoiseSVN\bin;C:\Program Files (x86)\IDM Computer Solutions\UltraEdit\"/>
    <property name="surefire.test.class.path" value="D:\workspace\roxia\roxia-support\target\test-classes;D:\workspace\roxia\roxia-support\target\classes;D:\workdir\repo\cn\baozun\bh-utilities\1.0.5\bh-utilities-1.0.5.jar;D:\workdir\repo\org\springframework\spring-context\3.1.2.RELEASE\spring-context-3.1.2.RELEASE.jar;D:\workdir\repo\org\springframework\spring-aop\3.0.1.RELEASE\spring-aop-3.0.1.RELEASE.jar;D:\workdir\repo\org\springframework\spring-expression\3.1.2.RELEASE\spring-expression-3.1.2.RELEASE.jar;D:\workdir\repo\org\springframework\spring-asm\3.1.2.RELEASE\spring-asm-3.1.2.RELEASE.jar;D:\workdir\repo\org\springframework\spring-context-support\3.1.2.RELEASE\spring-context-support-3.1.2.RELEASE.jar;D:\workdir\repo\org\springframework\spring-tx\3.1.2.RELEASE\spring-tx-3.1.2.RELEASE.jar;D:\workdir\repo\aopalliance\aopalliance\1.0\aopalliance-1.0.jar;D:\workdir\repo\org\springframework\spring-jdbc\3.1.2.RELEASE\spring-jdbc-3.1.2.RELEASE.jar;D:\workdir\repo\org\springframework\spring-orm\3.1.2.RELEASE\spring-orm-3.1.2.RELEASE.jar;D:\workdir\repo\org\springframework\spring-jms\3.1.2.RELEASE\spring-jms-3.1.2.RELEASE.jar;D:\workdir\repo\org\springframework\spring-beans\3.1.2.RELEASE\spring-beans-3.1.2.RELEASE.jar;D:\workdir\repo\org\springframework\spring-core\3.1.2.RELEASE\spring-core-3.1.2.RELEASE.jar;D:\workdir\repo\commons-lang\commons-lang\2.4\commons-lang-2.4.jar;D:\workdir\repo\commons-logging\commons-logging\1.1\commons-logging-1.1.jar;D:\workdir\repo\logkit\logkit\1.0.1\logkit-1.0.1.jar;D:\workdir\repo\avalon-framework\avalon-framework\4.1.3\avalon-framework-4.1.3.jar;D:\workdir\repo\javax\servlet\servlet-api\2.3\servlet-api-2.3.jar;D:\workdir\repo\commons-collections\commons-collections\3.2\commons-collections-3.2.jar;D:\workdir\repo\org\apache\velocity\velocity\1.7\velocity-1.7.jar;D:\workdir\repo\net\sf\json-lib\json-lib\2.4\json-lib-2.4-jdk15.jar;D:\workdir\repo\commons-beanutils\commons-beanutils\1.8.0\commons-beanutils-1.8.0.jar;D:\workdir\repo\net\sf\ezmorph\ezmorph\1.0.6\ezmorph-1.0.6.jar;D:\workdir\repo\org\apache\httpcomponents\httpclient\4.0.1\httpclient-4.0.1.jar;D:\workdir\repo\org\apache\httpcomponents\httpcore\4.0.1\httpcore-4.0.1.jar;D:\workdir\repo\commons-codec\commons-codec\1.3\commons-codec-1.3.jar;D:\workdir\repo\HTTPClient\HTTPClient\0.3-3\HTTPClient-0.3-3.jar;D:\workdir\repo\org\slf4j\slf4j-log4j12\1.6.6\slf4j-log4j12-1.6.6.jar;D:\workdir\repo\log4j\log4j\1.2.16\log4j-1.2.16.jar;D:\workdir\repo\asm\asm\3.3.1\asm-3.3.1.jar;D:\workdir\repo\org\apache\xbean\xbean-spring\3.7\xbean-spring-3.7.jar;D:\workdir\repo\javax\jms\jms\1.1\jms-1.1.jar;D:\workdir\repo\org\apache\activemq\activemq-core\5.6.0\activemq-core-5.6.0.jar;D:\workdir\repo\org\apache\geronimo\specs\geronimo-jms_1.1_spec\1.1.1\geronimo-jms_1.1_spec-1.1.1.jar;D:\workdir\repo\org\apache\activemq\kahadb\5.6.0\kahadb-5.6.0.jar;D:\workdir\repo\org\apache\activemq\protobuf\activemq-protobuf\1.1\activemq-protobuf-1.1.jar;D:\workdir\repo\org\osgi\org.osgi.core\4.1.0\org.osgi.core-4.1.0.jar;D:\workdir\repo\org\apache\geronimo\specs\geronimo-j2ee-management_1.1_spec\1.0.1\geronimo-j2ee-management_1.1_spec-1.0.1.jar;D:\workdir\repo\commons-net\commons-net\2.2\commons-net-2.2.jar;D:\workdir\repo\org\jasypt\jasypt\1.8\jasypt-1.8.jar;D:\workdir\repo\org\apache\activemq\activemq-pool\5.6.0\activemq-pool-5.6.0.jar;D:\workdir\repo\org\apache\geronimo\specs\geronimo-jta_1.0.1B_spec\1.0.1\geronimo-jta_1.0.1B_spec-1.0.1.jar;D:\workdir\repo\commons-pool\commons-pool\1.5.6\commons-pool-1.5.6.jar;D:\workdir\repo\org\slf4j\slf4j-api\1.6.4\slf4j-api-1.6.4.jar;D:\workdir\repo\org\apache\camel\camel-core\2.10.0\camel-core-2.10.0.jar;D:\workdir\repo\org\apache\camel\camel-jms\2.10.0\camel-jms-2.10.0.jar;D:\workdir\repo\org\apache\camel\camel-spring\2.10.0\camel-spring-2.10.0.jar;D:\workdir\repo\org\apache\camel\camel-jackson\2.10.0\camel-jackson-2.10.0.jar;D:\workdir\repo\org\codehaus\jackson\jackson-mapper-asl\1.9.7\jackson-mapper-asl-1.9.7.jar;D:\workdir\repo\org\codehaus\jackson\jackson-core-asl\1.9.7\jackson-core-asl-1.9.7.jar;D:\workdir\repo\org\apache\camel\camel-csv\2.10.0\camel-csv-2.10.0.jar;D:\workdir\repo\org\apache\servicemix\bundles\org.apache.servicemix.bundles.commons-csv\1.0-r706899_3\org.apache.servicemix.bundles.commons-csv-1.0-r706899_3.jar;D:\workdir\repo\org\apache\camel\camel-ftp\2.10.0\camel-ftp-2.10.0.jar;D:\workdir\repo\com\jcraft\jsch\0.1.48\jsch-0.1.48.jar;D:\workdir\repo\org\apache\camel\camel-jaxb\2.10.0\camel-jaxb-2.10.0.jar;D:\workdir\repo\com\sun\xml\bind\jaxb-impl\2.1.13\jaxb-impl-2.1.13.jar;D:\workdir\repo\javax\xml\bind\jaxb-api\2.1\jaxb-api-2.1.jar;D:\workdir\repo\javax\xml\stream\stax-api\1.0-2\stax-api-1.0-2.jar;D:\workdir\repo\org\apache\camel\camel-quartz\2.10.0\camel-quartz-2.10.0.jar;D:\workdir\repo\org\quartz-scheduler\quartz\1.8.5\quartz-1.8.5.jar;D:\workdir\repo\javax\transaction\jta\1.1\jta-1.1.jar;D:\workdir\repo\org\apache\camel\camel-stream\2.10.0\camel-stream-2.10.0.jar;D:\workdir\repo\org\apache\camel\camel-mail\2.10.0\camel-mail-2.10.0.jar;D:\workdir\repo\org\apache\camel\camel-http\2.10.0\camel-http-2.10.0.jar;D:\workdir\repo\org\apache\geronimo\specs\geronimo-servlet_2.5_spec\1.1.2\geronimo-servlet_2.5_spec-1.1.2.jar;D:\workdir\repo\commons-httpclient\commons-httpclient\3.1\commons-httpclient-3.1.jar;D:\workdir\repo\org\apache\camel\camel-test\2.10.0\camel-test-2.10.0.jar;D:\workdir\repo\junit\junit\4.11\junit-4.11.jar;D:\workdir\repo\org\hamcrest\hamcrest-core\1.3\hamcrest-core-1.3.jar;D:\workdir\repo\org\springframework\spring-test\3.0.5.RELEASE\spring-test-3.0.5.RELEASE.jar;D:\workdir\repo\org\apache\commons\commons-compress\1.5\commons-compress-1.5.jar;D:\workdir\repo\org\tukaani\xz\1.2\xz-1.2.jar;D:\workdir\repo\javax\mail\mail\1.4\mail-1.4.jar;D:\workdir\repo\javax\activation\activation\1.1\activation-1.1.jar;D:\workdir\repo\org\eclipse\jetty\jetty-server\8.1.9.v20130131\jetty-server-8.1.9.v20130131.jar;D:\workdir\repo\org\eclipse\jetty\orbit\javax.servlet\3.0.0.v201112011016\javax.servlet-3.0.0.v201112011016.jar;D:\workdir\repo\org\eclipse\jetty\jetty-http\8.1.9.v20130131\jetty-http-8.1.9.v20130131.jar;D:\workdir\repo\org\eclipse\jetty\jetty-io\8.1.9.v20130131\jetty-io-8.1.9.v20130131.jar;D:\workdir\repo\org\eclipse\jetty\jetty-webapp\8.1.9.v20130131\jetty-webapp-8.1.9.v20130131.jar;D:\workdir\repo\org\eclipse\jetty\jetty-xml\8.1.9.v20130131\jetty-xml-8.1.9.v20130131.jar;D:\workdir\repo\org\eclipse\jetty\jetty-util\8.1.9.v20130131\jetty-util-8.1.9.v20130131.jar;D:\workdir\repo\org\eclipse\jetty\jetty-servlet\8.1.9.v20130131\jetty-servlet-8.1.9.v20130131.jar;D:\workdir\repo\org\eclipse\jetty\jetty-security\8.1.9.v20130131\jetty-security-8.1.9.v20130131.jar;D:\workdir\repo\org\eclipse\jetty\jetty-continuation\8.1.9.v20130131\jetty-continuation-8.1.9.v20130131.jar;D:\workdir\repo\org\eclipse\jetty\jetty-jsp\8.1.9.v20130131\jetty-jsp-8.1.9.v20130131.jar;D:\workdir\repo\org\eclipse\jetty\orbit\javax.servlet.jsp\2.2.0.v201112011158\javax.servlet.jsp-2.2.0.v201112011158.jar;D:\workdir\repo\org\eclipse\jetty\orbit\org.apache.jasper.glassfish\2.2.2.v201112011158\org.apache.jasper.glassfish-2.2.2.v201112011158.jar;D:\workdir\repo\org\eclipse\jetty\orbit\javax.servlet.jsp.jstl\1.2.0.v201105211821\javax.servlet.jsp.jstl-1.2.0.v201105211821.jar;D:\workdir\repo\org\eclipse\jetty\orbit\org.apache.taglibs.standard.glassfish\1.2.0.v201112081803\org.apache.taglibs.standard.glassfish-1.2.0.v201112081803.jar;D:\workdir\repo\org\eclipse\jetty\orbit\javax.el\2.2.0.v201108011116\javax.el-2.2.0.v201108011116.jar;D:\workdir\repo\org\eclipse\jetty\orbit\com.sun.el\2.2.0.v201108011116\com.sun.el-2.2.0.v201108011116.jar;D:\workdir\repo\org\eclipse\jetty\orbit\org.eclipse.jdt.core\3.7.1\org.eclipse.jdt.core-3.7.1.jar;D:\workdir\repo\cglib\cglib\2.2.2\cglib-2.2.2.jar;D:\workdir\repo\cglib\cglib-nodep\2.2\cglib-nodep-2.2.jar;D:\workdir\repo\commons-digester\commons-digester\1.8.1\commons-digester-1.8.1.jar;D:\workdir\repo\commons-dbcp\commons-dbcp\1.4\commons-dbcp-1.4.jar;D:\workdir\repo\org\aspectj\aspectjweaver\1.6.8\aspectjweaver-1.6.8.jar;D:\workdir\repo\com\oracle\ojdbc6\11.2.0.3.0\ojdbc6-11.2.0.3.0.jar;D:\workdir\repo\cn\baozun\bh-connector-common\1.7.2\bh-connector-common-1.7.2.jar;"/>
    <property name="java.specification.name" value="Java Platform API Specification"/>
    <property name="java.class.version" value="50.0"/>
    <property name="sun.management.compiler" value="HotSpot Client Compiler"/>
    <property name="os.version" value="6.1"/>
    <property name="user.home" value="C:\Users\test"/>
    <property name="user.timezone" value=""/>
    <property name="java.awt.printerjob" value="sun.awt.windows.WPrinterJob"/>
    <property name="java.specification.version" value="1.6"/>
    <property name="file.encoding" value="GBK"/>
    <property name="user.name" value="jumbo"/>
    <property name="java.class.path" value="D:\workspace\roxia\roxia-support\target\test-classes;D:\workspace\roxia\roxia-support\target\classes;D:\workdir\repo\cn\baozun\bh-utilities\1.0.5\bh-utilities-1.0.5.jar;D:\workdir\repo\org\springframework\spring-context\3.1.2.RELEASE\spring-context-3.1.2.RELEASE.jar;D:\workdir\repo\org\springframework\spring-aop\3.0.1.RELEASE\spring-aop-3.0.1.RELEASE.jar;D:\workdir\repo\org\springframework\spring-expression\3.1.2.RELEASE\spring-expression-3.1.2.RELEASE.jar;D:\workdir\repo\org\springframework\spring-asm\3.1.2.RELEASE\spring-asm-3.1.2.RELEASE.jar;D:\workdir\repo\org\springframework\spring-context-support\3.1.2.RELEASE\spring-context-support-3.1.2.RELEASE.jar;D:\workdir\repo\org\springframework\spring-tx\3.1.2.RELEASE\spring-tx-3.1.2.RELEASE.jar;D:\workdir\repo\aopalliance\aopalliance\1.0\aopalliance-1.0.jar;D:\workdir\repo\org\springframework\spring-jdbc\3.1.2.RELEASE\spring-jdbc-3.1.2.RELEASE.jar;D:\workdir\repo\org\springframework\spring-orm\3.1.2.RELEASE\spring-orm-3.1.2.RELEASE.jar;D:\workdir\repo\org\springframework\spring-jms\3.1.2.RELEASE\spring-jms-3.1.2.RELEASE.jar;D:\workdir\repo\org\springframework\spring-beans\3.1.2.RELEASE\spring-beans-3.1.2.RELEASE.jar;D:\workdir\repo\org\springframework\spring-core\3.1.2.RELEASE\spring-core-3.1.2.RELEASE.jar;D:\workdir\repo\commons-lang\commons-lang\2.4\commons-lang-2.4.jar;D:\workdir\repo\commons-logging\commons-logging\1.1\commons-logging-1.1.jar;D:\workdir\repo\logkit\logkit\1.0.1\logkit-1.0.1.jar;D:\workdir\repo\avalon-framework\avalon-framework\4.1.3\avalon-framework-4.1.3.jar;D:\workdir\repo\javax\servlet\servlet-api\2.3\servlet-api-2.3.jar;D:\workdir\repo\commons-collections\commons-collections\3.2\commons-collections-3.2.jar;D:\workdir\repo\org\apache\velocity\velocity\1.7\velocity-1.7.jar;D:\workdir\repo\net\sf\json-lib\json-lib\2.4\json-lib-2.4-jdk15.jar;D:\workdir\repo\commons-beanutils\commons-beanutils\1.8.0\commons-beanutils-1.8.0.jar;D:\workdir\repo\net\sf\ezmorph\ezmorph\1.0.6\ezmorph-1.0.6.jar;D:\workdir\repo\org\apache\httpcomponents\httpclient\4.0.1\httpclient-4.0.1.jar;D:\workdir\repo\org\apache\httpcomponents\httpcore\4.0.1\httpcore-4.0.1.jar;D:\workdir\repo\commons-codec\commons-codec\1.3\commons-codec-1.3.jar;D:\workdir\repo\HTTPClient\HTTPClient\0.3-3\HTTPClient-0.3-3.jar;D:\workdir\repo\org\slf4j\slf4j-log4j12\1.6.6\slf4j-log4j12-1.6.6.jar;D:\workdir\repo\log4j\log4j\1.2.16\log4j-1.2.16.jar;D:\workdir\repo\asm\asm\3.3.1\asm-3.3.1.jar;D:\workdir\repo\org\apache\xbean\xbean-spring\3.7\xbean-spring-3.7.jar;D:\workdir\repo\javax\jms\jms\1.1\jms-1.1.jar;D:\workdir\repo\org\apache\activemq\activemq-core\5.6.0\activemq-core-5.6.0.jar;D:\workdir\repo\org\apache\geronimo\specs\geronimo-jms_1.1_spec\1.1.1\geronimo-jms_1.1_spec-1.1.1.jar;D:\workdir\repo\org\apache\activemq\kahadb\5.6.0\kahadb-5.6.0.jar;D:\workdir\repo\org\apache\activemq\protobuf\activemq-protobuf\1.1\activemq-protobuf-1.1.jar;D:\workdir\repo\org\osgi\org.osgi.core\4.1.0\org.osgi.core-4.1.0.jar;D:\workdir\repo\org\apache\geronimo\specs\geronimo-j2ee-management_1.1_spec\1.0.1\geronimo-j2ee-management_1.1_spec-1.0.1.jar;D:\workdir\repo\commons-net\commons-net\2.2\commons-net-2.2.jar;D:\workdir\repo\org\jasypt\jasypt\1.8\jasypt-1.8.jar;D:\workdir\repo\org\apache\activemq\activemq-pool\5.6.0\activemq-pool-5.6.0.jar;D:\workdir\repo\org\apache\geronimo\specs\geronimo-jta_1.0.1B_spec\1.0.1\geronimo-jta_1.0.1B_spec-1.0.1.jar;D:\workdir\repo\commons-pool\commons-pool\1.5.6\commons-pool-1.5.6.jar;D:\workdir\repo\org\slf4j\slf4j-api\1.6.4\slf4j-api-1.6.4.jar;D:\workdir\repo\org\apache\camel\camel-core\2.10.0\camel-core-2.10.0.jar;D:\workdir\repo\org\apache\camel\camel-jms\2.10.0\camel-jms-2.10.0.jar;D:\workdir\repo\org\apache\camel\camel-spring\2.10.0\camel-spring-2.10.0.jar;D:\workdir\repo\org\apache\camel\camel-jackson\2.10.0\camel-jackson-2.10.0.jar;D:\workdir\repo\org\codehaus\jackson\jackson-mapper-asl\1.9.7\jackson-mapper-asl-1.9.7.jar;D:\workdir\repo\org\codehaus\jackson\jackson-core-asl\1.9.7\jackson-core-asl-1.9.7.jar;D:\workdir\repo\org\apache\camel\camel-csv\2.10.0\camel-csv-2.10.0.jar;D:\workdir\repo\org\apache\servicemix\bundles\org.apache.servicemix.bundles.commons-csv\1.0-r706899_3\org.apache.servicemix.bundles.commons-csv-1.0-r706899_3.jar;D:\workdir\repo\org\apache\camel\camel-ftp\2.10.0\camel-ftp-2.10.0.jar;D:\workdir\repo\com\jcraft\jsch\0.1.48\jsch-0.1.48.jar;D:\workdir\repo\org\apache\camel\camel-jaxb\2.10.0\camel-jaxb-2.10.0.jar;D:\workdir\repo\com\sun\xml\bind\jaxb-impl\2.1.13\jaxb-impl-2.1.13.jar;D:\workdir\repo\javax\xml\bind\jaxb-api\2.1\jaxb-api-2.1.jar;D:\workdir\repo\javax\xml\stream\stax-api\1.0-2\stax-api-1.0-2.jar;D:\workdir\repo\org\apache\camel\camel-quartz\2.10.0\camel-quartz-2.10.0.jar;D:\workdir\repo\org\quartz-scheduler\quartz\1.8.5\quartz-1.8.5.jar;D:\workdir\repo\javax\transaction\jta\1.1\jta-1.1.jar;D:\workdir\repo\org\apache\camel\camel-stream\2.10.0\camel-stream-2.10.0.jar;D:\workdir\repo\org\apache\camel\camel-mail\2.10.0\camel-mail-2.10.0.jar;D:\workdir\repo\org\apache\camel\camel-http\2.10.0\camel-http-2.10.0.jar;D:\workdir\repo\org\apache\geronimo\specs\geronimo-servlet_2.5_spec\1.1.2\geronimo-servlet_2.5_spec-1.1.2.jar;D:\workdir\repo\commons-httpclient\commons-httpclient\3.1\commons-httpclient-3.1.jar;D:\workdir\repo\org\apache\camel\camel-test\2.10.0\camel-test-2.10.0.jar;D:\workdir\repo\junit\junit\4.11\junit-4.11.jar;D:\workdir\repo\org\hamcrest\hamcrest-core\1.3\hamcrest-core-1.3.jar;D:\workdir\repo\org\springframework\spring-test\3.0.5.RELEASE\spring-test-3.0.5.RELEASE.jar;D:\workdir\repo\org\apache\commons\commons-compress\1.5\commons-compress-1.5.jar;D:\workdir\repo\org\tukaani\xz\1.2\xz-1.2.jar;D:\workdir\repo\javax\mail\mail\1.4\mail-1.4.jar;D:\workdir\repo\javax\activation\activation\1.1\activation-1.1.jar;D:\workdir\repo\org\eclipse\jetty\jetty-server\8.1.9.v20130131\jetty-server-8.1.9.v20130131.jar;D:\workdir\repo\org\eclipse\jetty\orbit\javax.servlet\3.0.0.v201112011016\javax.servlet-3.0.0.v201112011016.jar;D:\workdir\repo\org\eclipse\jetty\jetty-http\8.1.9.v20130131\jetty-http-8.1.9.v20130131.jar;D:\workdir\repo\org\eclipse\jetty\jetty-io\8.1.9.v20130131\jetty-io-8.1.9.v20130131.jar;D:\workdir\repo\org\eclipse\jetty\jetty-webapp\8.1.9.v20130131\jetty-webapp-8.1.9.v20130131.jar;D:\workdir\repo\org\eclipse\jetty\jetty-xml\8.1.9.v20130131\jetty-xml-8.1.9.v20130131.jar;D:\workdir\repo\org\eclipse\jetty\jetty-util\8.1.9.v20130131\jetty-util-8.1.9.v20130131.jar;D:\workdir\repo\org\eclipse\jetty\jetty-servlet\8.1.9.v20130131\jetty-servlet-8.1.9.v20130131.jar;D:\workdir\repo\org\eclipse\jetty\jetty-security\8.1.9.v20130131\jetty-security-8.1.9.v20130131.jar;D:\workdir\repo\org\eclipse\jetty\jetty-continuation\8.1.9.v20130131\jetty-continuation-8.1.9.v20130131.jar;D:\workdir\repo\org\eclipse\jetty\jetty-jsp\8.1.9.v20130131\jetty-jsp-8.1.9.v20130131.jar;D:\workdir\repo\org\eclipse\jetty\orbit\javax.servlet.jsp\2.2.0.v201112011158\javax.servlet.jsp-2.2.0.v201112011158.jar;D:\workdir\repo\org\eclipse\jetty\orbit\org.apache.jasper.glassfish\2.2.2.v201112011158\org.apache.jasper.glassfish-2.2.2.v201112011158.jar;D:\workdir\repo\org\eclipse\jetty\orbit\javax.servlet.jsp.jstl\1.2.0.v201105211821\javax.servlet.jsp.jstl-1.2.0.v201105211821.jar;D:\workdir\repo\org\eclipse\jetty\orbit\org.apache.taglibs.standard.glassfish\1.2.0.v201112081803\org.apache.taglibs.standard.glassfish-1.2.0.v201112081803.jar;D:\workdir\repo\org\eclipse\jetty\orbit\javax.el\2.2.0.v201108011116\javax.el-2.2.0.v201108011116.jar;D:\workdir\repo\org\eclipse\jetty\orbit\com.sun.el\2.2.0.v201108011116\com.sun.el-2.2.0.v201108011116.jar;D:\workdir\repo\org\eclipse\jetty\orbit\org.eclipse.jdt.core\3.7.1\org.eclipse.jdt.core-3.7.1.jar;D:\workdir\repo\cglib\cglib\2.2.2\cglib-2.2.2.jar;D:\workdir\repo\cglib\cglib-nodep\2.2\cglib-nodep-2.2.jar;D:\workdir\repo\commons-digester\commons-digester\1.8.1\commons-digester-1.8.1.jar;D:\workdir\repo\commons-dbcp\commons-dbcp\1.4\commons-dbcp-1.4.jar;D:\workdir\repo\org\aspectj\aspectjweaver\1.6.8\aspectjweaver-1.6.8.jar;D:\workdir\repo\com\oracle\ojdbc6\11.2.0.3.0\ojdbc6-11.2.0.3.0.jar;D:\workdir\repo\cn\baozun\bh-connector-common\1.7.2\bh-connector-common-1.7.2.jar;"/>
    <property name="java.vm.specification.version" value="1.0"/>
    <property name="sun.arch.data.model" value="32"/>
    <property name="java.home" value="C:\Program Files (x86)\Java\jdk1.6.0_21\jre"/>
    <property name="java.specification.vendor" value="Sun Microsystems Inc."/>
    <property name="user.language" value="zh"/>
    <property name="awt.toolkit" value="sun.awt.windows.WToolkit"/>
    <property name="java.vm.info" value="mixed mode, sharing"/>
    <property name="java.version" value="1.6.0_21"/>
    <property name="java.ext.dirs" value="C:\Program Files (x86)\Java\jdk1.6.0_21\jre\lib\ext;C:\Windows\Sun\Java\lib\ext"/>
    <property name="sun.boot.class.path" value="C:\Program Files (x86)\Java\jdk1.6.0_21\jre\lib\resources.jar;C:\Program Files (x86)\Java\jdk1.6.0_21\jre\lib\rt.jar;C:\Program Files (x86)\Java\jdk1.6.0_21\jre\lib\sunrsasign.jar;C:\Program Files (x86)\Java\jdk1.6.0_21\jre\lib\jsse.jar;C:\Program Files (x86)\Java\jdk1.6.0_21\jre\lib\jce.jar;C:\Program Files (x86)\Java\jdk1.6.0_21\jre\lib\charsets.jar;C:\Program Files (x86)\Java\jdk1.6.0_21\jre\classes"/>
    <property name="java.vendor" value="Sun Microsystems Inc."/>
    <property name="localRepository" value="D:\workdir\repo"/>
    <property name="file.separator" value="\"/>
    <property name="java.vendor.url.bug" value="http://java.sun.com/cgi-bin/bugreport.cgi"/>
    <property name="sun.cpu.endian" value="little"/>
    <property name="sun.io.unicode.encoding" value="UnicodeLittle"/>
    <property name="sun.desktop" value="windows"/>
    <property name="sun.cpu.isalist" value="pentium_pro+mmx pentium_pro pentium+mmx pentium i486 i386 i86"/>
  </properties>
  <testcase time="0" classname="roxia.support.AppTest" name="testApp"/>
</testsuite>