<?xml version="1.0" encoding="UTF-8" ?>
<testsuite failures="0" time="0.123" errors="0" skipped="0" tests="1" name="TestSuite">
  <properties>
    <property name="java.runtime.name" value="Java(TM) SE Runtime Environment"/>
    <property name="sun.boot.library.path" value="C:\Program Files (x86)\Java\jdk1.6.0_21\jre\bin"/>
    <property name="java.vm.version" value="17.0-b16"/>
    <property name="java.vm.vendor" value="Sun Microsystems Inc."/>
    <property name="java.vendor.url" value="http://java.sun.com/"/>
    <property name="path.separator" value=";"/>
    <property name="java.vm.name" value="Java HotSpot(TM) Client VM"/>
    <property name="file.encoding.pkg" value="sun.io"/>
    <property name="user.country" value="CN"/>
    <property name="sun.java.launcher" value="SUN_STANDARD"/>
    <property name="sun.os.patch.level" value="Service Pack 1"/>
    <property name="java.vm.specification.name" value="Java Virtual Machine Specification"/>
    <property name="user.dir" value="D:\workspace\roxia\roxia-query"/>
    <property name="java.runtime.version" value="1.6.0_21-b06"/>
    <property name="java.awt.graphicsenv" value="sun.awt.Win32GraphicsEnvironment"/>
    <property name="basedir" value="D:\workspace\roxia\roxia-query"/>
    <property name="java.endorsed.dirs" value="C:\Program Files (x86)\Java\jdk1.6.0_21\jre\lib\endorsed"/>
    <property name="os.arch" value="x86"/>
    <property name="surefire.real.class.path" value="C:\Users\test\AppData\Local\Temp\surefirebooter158738092386163976.jar"/>
    <property name="java.io.tmpdir" value="C:\Users\test\AppData\Local\Temp\"/>
    <property name="line.separator" value="
"/>
    <property name="java.vm.specification.vendor" value="Sun Microsystems Inc."/>
    <property name="user.variant" value=""/>
    <property name="os.name" value="Windows 7"/>
    <property name="sun.jnu.encoding" value="GBK"/>
    <property name="java.library.path" value="C:\Program Files (x86)\Java\jdk1.6.0_21\jre\bin;.;C:\Windows\Sun\Java\bin;C:\Windows\system32;C:\Windows;C:/Program Files (x86)/Java/jdk1.6.0_21/bin/../jre/bin/client;C:/Program Files (x86)/Java/jdk1.6.0_21/bin/../jre/bin;C:/Program Files (x86)/Java/jdk1.6.0_21/bin/../jre/lib/i386;D:\tool\apache-ant-1.8.3-bin\apache-ant-1.8.3\bin;D:\Program Files\Java\jdk1.7.0_51\bin;D:\tools\apache-maven-3.0.3\bin;C:\Program Files (x86)\Common Files\NetSarang;C:\XEClient\bin;C:\Program Files (x86)\AMD APP\bin\x86_64;C:\Program Files (x86)\AMD APP\bin\x86;C:\Windows\system32;C:\Windows;C:\Windows\System32\Wbem;C:\Windows\System32\WindowsPowerShell\v1.0\;C:\Program Files (x86)\ATI Technologies\ATI.ACE\Core-Static;C:\Program Files\TortoiseSVN\bin;C:\Program Files (x86)\IDM Computer Solutions\UltraEdit\"/>
    <property name="surefire.test.class.path" value="D:\workspace\roxia\roxia-query\target\test-classes;D:\workspace\roxia\roxia-query\target\classes;D:\workdir\repo\commons-beanutils\commons-beanutils\1.7.0\commons-beanutils-1.7.0.jar;D:\workdir\repo\commons-logging\commons-logging\1.0.3\commons-logging-1.0.3.jar;D:\workdir\repo\org\springframework\spring-context\3.1.2.RELEASE\spring-context-3.1.2.RELEASE.jar;D:\workdir\repo\org\springframework\spring-beans\3.1.2.RELEASE\spring-beans-3.1.2.RELEASE.jar;D:\workdir\repo\org\springframework\spring-core\3.1.1.RELEASE\spring-core-3.1.1.RELEASE.jar;D:\workdir\repo\org\springframework\spring-expression\3.1.2.RELEASE\spring-expression-3.1.2.RELEASE.jar;D:\workdir\repo\org\springframework\spring-asm\3.1.2.RELEASE\spring-asm-3.1.2.RELEASE.jar;D:\workdir\repo\org\springframework\spring-aspects\3.1.1.RELEASE\spring-aspects-3.1.1.RELEASE.jar;D:\workdir\repo\org\aspectj\aspectjweaver\1.6.8\aspectjweaver-1.6.8.jar;D:\workdir\repo\org\springframework\spring-jdbc\3.1.1.RELEASE\spring-jdbc-3.1.1.RELEASE.jar;D:\workdir\repo\org\springframework\spring-orm\3.1.1.RELEASE\spring-orm-3.1.1.RELEASE.jar;D:\workdir\repo\org\springframework\spring-aop\3.1.1.RELEASE\spring-aop-3.1.1.RELEASE.jar;D:\workdir\repo\aopalliance\aopalliance\1.0\aopalliance-1.0.jar;D:\workdir\repo\org\springframework\spring-tx\3.1.1.RELEASE\spring-tx-3.1.1.RELEASE.jar;D:\workdir\repo\org\springframework\spring-context-support\3.1.1.RELEASE\spring-context-support-3.1.1.RELEASE.jar;D:\workdir\repo\org\springframework\spring-test\3.1.1.RELEASE\spring-test-3.1.1.RELEASE.jar;D:\workdir\repo\org\hibernate\hibernate-entitymanager\3.5.1-Final\hibernate-entitymanager-3.5.1-Final.jar;D:\workdir\repo\org\hibernate\hibernate-core\3.5.1-Final\hibernate-core-3.5.1-Final.jar;D:\workdir\repo\antlr\antlr\2.7.6\antlr-2.7.6.jar;D:\workdir\repo\commons-collections\commons-collections\3.1\commons-collections-3.1.jar;D:\workdir\repo\dom4j\dom4j\1.6.1\dom4j-1.6.1.jar;D:\workdir\repo\xml-apis\xml-apis\1.0.b2\xml-apis-1.0.b2.jar;D:\workdir\repo\javax\transaction\jta\1.1\jta-1.1.jar;D:\workdir\repo\org\hibernate\hibernate-annotations\3.5.1-Final\hibernate-annotations-3.5.1-Final.jar;D:\workdir\repo\org\hibernate\hibernate-commons-annotations\3.2.0.Final\hibernate-commons-annotations-3.2.0.Final.jar;D:\workdir\repo\cglib\cglib\2.2\cglib-2.2.jar;D:\workdir\repo\asm\asm\3.1\asm-3.1.jar;D:\workdir\repo\javassist\javassist\3.9.0.GA\javassist-3.9.0.GA.jar;D:\workdir\repo\org\hibernate\javax\persistence\hibernate-jpa-2.0-api\1.0.0.Final\hibernate-jpa-2.0-api-1.0.0.Final.jar;D:\workdir\repo\junit\junit\3.8.1\junit-3.8.1.jar;D:\workdir\repo\org\testng\testng\5.9\testng-5.9-jdk15.jar;D:\workdir\repo\velocity\velocity-dep\1.4\velocity-dep-1.4.jar;D:\workdir\repo\org\slf4j\slf4j-api\1.5.6\slf4j-api-1.5.6.jar;D:\workdir\repo\org\slf4j\slf4j-log4j12\1.5.6\slf4j-log4j12-1.5.6.jar;D:\workdir\repo\log4j\log4j\1.2.14\log4j-1.2.14.jar;D:\workdir\repo\hsqldb\hsqldb\1.8.0.7\hsqldb-1.8.0.7.jar;"/>
    <property name="java.specification.name" value="Java Platform API Specification"/>
    <property name="java.class.version" value="50.0"/>
    <property name="sun.management.compiler" value="HotSpot Client Compiler"/>
    <property name="os.version" value="6.1"/>
    <property name="user.home" value="C:\Users\test"/>
    <property name="user.timezone" value="Asia/Shanghai"/>
    <property name="java.awt.printerjob" value="sun.awt.windows.WPrinterJob"/>
    <property name="java.specification.version" value="1.6"/>
    <property name="file.encoding" value="GBK"/>
    <property name="user.name" value="jumbo"/>
    <property name="java.class.path" value="D:\workspace\roxia\roxia-query\target\test-classes;D:\workspace\roxia\roxia-query\target\classes;D:\workdir\repo\commons-beanutils\commons-beanutils\1.7.0\commons-beanutils-1.7.0.jar;D:\workdir\repo\commons-logging\commons-logging\1.0.3\commons-logging-1.0.3.jar;D:\workdir\repo\org\springframework\spring-context\3.1.2.RELEASE\spring-context-3.1.2.RELEASE.jar;D:\workdir\repo\org\springframework\spring-beans\3.1.2.RELEASE\spring-beans-3.1.2.RELEASE.jar;D:\workdir\repo\org\springframework\spring-core\3.1.1.RELEASE\spring-core-3.1.1.RELEASE.jar;D:\workdir\repo\org\springframework\spring-expression\3.1.2.RELEASE\spring-expression-3.1.2.RELEASE.jar;D:\workdir\repo\org\springframework\spring-asm\3.1.2.RELEASE\spring-asm-3.1.2.RELEASE.jar;D:\workdir\repo\org\springframework\spring-aspects\3.1.1.RELEASE\spring-aspects-3.1.1.RELEASE.jar;D:\workdir\repo\org\aspectj\aspectjweaver\1.6.8\aspectjweaver-1.6.8.jar;D:\workdir\repo\org\springframework\spring-jdbc\3.1.1.RELEASE\spring-jdbc-3.1.1.RELEASE.jar;D:\workdir\repo\org\springframework\spring-orm\3.1.1.RELEASE\spring-orm-3.1.1.RELEASE.jar;D:\workdir\repo\org\springframework\spring-aop\3.1.1.RELEASE\spring-aop-3.1.1.RELEASE.jar;D:\workdir\repo\aopalliance\aopalliance\1.0\aopalliance-1.0.jar;D:\workdir\repo\org\springframework\spring-tx\3.1.1.RELEASE\spring-tx-3.1.1.RELEASE.jar;D:\workdir\repo\org\springframework\spring-context-support\3.1.1.RELEASE\spring-context-support-3.1.1.RELEASE.jar;D:\workdir\repo\org\springframework\spring-test\3.1.1.RELEASE\spring-test-3.1.1.RELEASE.jar;D:\workdir\repo\org\hibernate\hibernate-entitymanager\3.5.1-Final\hibernate-entitymanager-3.5.1-Final.jar;D:\workdir\repo\org\hibernate\hibernate-core\3.5.1-Final\hibernate-core-3.5.1-Final.jar;D:\workdir\repo\antlr\antlr\2.7.6\antlr-2.7.6.jar;D:\workdir\repo\commons-collections\commons-collections\3.1\commons-collections-3.1.jar;D:\workdir\repo\dom4j\dom4j\1.6.1\dom4j-1.6.1.jar;D:\workdir\repo\xml-apis\xml-apis\1.0.b2\xml-apis-1.0.b2.jar;D:\workdir\repo\javax\transaction\jta\1.1\jta-1.1.jar;D:\workdir\repo\org\hibernate\hibernate-annotations\3.5.1-Final\hibernate-annotations-3.5.1-Final.jar;D:\workdir\repo\org\hibernate\hibernate-commons-annotations\3.2.0.Final\hibernate-commons-annotations-3.2.0.Final.jar;D:\workdir\repo\cglib\cglib\2.2\cglib-2.2.jar;D:\workdir\repo\asm\asm\3.1\asm-3.1.jar;D:\workdir\repo\javassist\javassist\3.9.0.GA\javassist-3.9.0.GA.jar;D:\workdir\repo\org\hibernate\javax\persistence\hibernate-jpa-2.0-api\1.0.0.Final\hibernate-jpa-2.0-api-1.0.0.Final.jar;D:\workdir\repo\junit\junit\3.8.1\junit-3.8.1.jar;D:\workdir\repo\org\testng\testng\5.9\testng-5.9-jdk15.jar;D:\workdir\repo\velocity\velocity-dep\1.4\velocity-dep-1.4.jar;D:\workdir\repo\org\slf4j\slf4j-api\1.5.6\slf4j-api-1.5.6.jar;D:\workdir\repo\org\slf4j\slf4j-log4j12\1.5.6\slf4j-log4j12-1.5.6.jar;D:\workdir\repo\log4j\log4j\1.2.14\log4j-1.2.14.jar;D:\workdir\repo\hsqldb\hsqldb\1.8.0.7\hsqldb-1.8.0.7.jar;"/>
    <property name="java.vm.specification.version" value="1.0"/>
    <property name="sun.arch.data.model" value="32"/>
    <property name="java.home" value="C:\Program Files (x86)\Java\jdk1.6.0_21\jre"/>
    <property name="java.specification.vendor" value="Sun Microsystems Inc."/>
    <property name="user.language" value="zh"/>
    <property name="awt.toolkit" value="sun.awt.windows.WToolkit"/>
    <property name="java.vm.info" value="mixed mode, sharing"/>
    <property name="java.version" value="1.6.0_21"/>
    <property name="java.ext.dirs" value="C:\Program Files (x86)\Java\jdk1.6.0_21\jre\lib\ext;C:\Windows\Sun\Java\lib\ext"/>
    <property name="sun.boot.class.path" value="C:\Program Files (x86)\Java\jdk1.6.0_21\jre\lib\resources.jar;C:\Program Files (x86)\Java\jdk1.6.0_21\jre\lib\rt.jar;C:\Program Files (x86)\Java\jdk1.6.0_21\jre\lib\sunrsasign.jar;C:\Program Files (x86)\Java\jdk1.6.0_21\jre\lib\jsse.jar;C:\Program Files (x86)\Java\jdk1.6.0_21\jre\lib\jce.jar;C:\Program Files (x86)\Java\jdk1.6.0_21\jre\lib\charsets.jar;C:\Program Files (x86)\Java\jdk1.6.0_21\jre\classes"/>
    <property name="java.vendor" value="Sun Microsystems Inc."/>
    <property name="localRepository" value="D:\workdir\repo"/>
    <property name="file.separator" value="\"/>
    <property name="java.vendor.url.bug" value="http://java.sun.com/cgi-bin/bugreport.cgi"/>
    <property name="sun.cpu.endian" value="little"/>
    <property name="sun.io.unicode.encoding" value="UnicodeLittle"/>
    <property name="sun.desktop" value="windows"/>
    <property name="sun.cpu.isalist" value="pentium_pro+mmx pentium_pro pentium+mmx pentium i486 i386 i86"/>
  </properties>
  <testcase time="0" classname="roxia.core.AppTest" name="testApp"/>
</testsuite>